


ARM Macro Assembler    Page 1 


    1 00000000         
    2 00000000         ;/******************************************************
                       ************************
    3 00000000         ; * @file     startup_PANSeries.s
    4 00000000         ; * @version  V1.00
    5 00000000         ; * $Revision: 3 $
    6 00000000         ; * $Date: 20/09/23 12:13 $
    7 00000000         ; * @brief    CMSIS ARM Cortex-M0 Core Device Startup Fi
                       le
    8 00000000         ; *
    9 00000000         ; * @note
   10 00000000         ; * Copyright (C) 2020 Panchip Technology Corp. All righ
                       ts reserved.
   11 00000000         ;*******************************************************
                       **********************/
   12 00000000         
   13 00000000 00000600 
                       Stack_Size
                               EQU              0x00000600  ;1.5k ram
   14 00000000         
   15 00000000                 AREA             STACK, NOINIT, READWRITE, ALIGN
=3
   16 00000000         Stack_Mem
                               SPACE            Stack_Size
   17 00000600         __initial_sp
   18 00000600         
   19 00000600 00000000 
                       Heap_Size
                               EQU              0x00000000
   20 00000600         
   21 00000600                 AREA             HEAP, NOINIT, READWRITE, ALIGN=
3
   22 00000000         __heap_base
   23 00000000         Heap_Mem
                               SPACE            Heap_Size
   24 00000000         __heap_limit
   25 00000000         
   26 00000000                 PRESERVE8
   27 00000000                 THUMB
   28 00000000         
   29 00000000         
   30 00000000         ; Vector Table Mapped to Address 0 at Reset
   31 00000000                 AREA             RESET, DATA, READONLY
   32 00000000                 EXPORT           __Vectors
   33 00000000                 EXPORT           __Vectors_End
   34 00000000                 EXPORT           __Vectors_Size
   35 00000000         
   36 00000000         
   37 00000000 00000000 
                       __Vectors
                               DCD              __initial_sp 
                                                            ; -16, Top of Stack
                                                            
   38 00000004 00000000        DCD              Reset_Handler ; -15, Reset Hand
                                                            ler
   39 00000008 00000000        DCD              NMI_Handler ; -14, NMI Handler
   40 0000000C 00000000        DCD              HardFault_Handler ; -13, Hard F
                                                            ault Handler
   41 00000010 00000000        DCD              0           ; -12, Reserved



ARM Macro Assembler    Page 2 


   42 00000014 00000000        DCD              0           ; -11, Reserved
   43 00000018 00000000        DCD              0           ; -10, Reserved
   44 0000001C 00000000        DCD              0           ; -9,  Reserved
   45 00000020 00000000        DCD              0           ; -8,  Reserved
   46 00000024 00000000        DCD              0           ; -7,  Reserved
   47 00000028 00000000        DCD              0           ; -6,  Reserved
   48 0000002C 00000000        DCD              SVC_Handler ; -5,  SVCall Handl
                                                            er
   49 00000030 00000000        DCD              0           ; -4,  Reserved
   50 00000034 00000000        DCD              0           ; -3,  Reserved
   51 00000038 00000000        DCD              PendSV_Handler ; -2,  PendSV Ha
                                                            ndler
   52 0000003C 00000000        DCD              SysTick_Handler ; -1,  SysTick 
                                                            Handler
   53 00000040         
   54 00000040         ; External Interrupts
   55 00000040 00000000        DCD              I2C0_IRQHandler ; 0,
   56 00000044 00000000        DCD              SPI0_IRQHandler ; 1,
   57 00000048 00000000        DCD              0           ; 2,
   58 0000004C 00000000        DCD              UART0_IRQHandler ; 3,
   59 00000050 00000000        DCD              PWM_IRQHandler ; 4,
   60 00000054 00000000        DCD              ADC_IRQHandler ; 5,
   61 00000058 00000000        DCD              WDT_IRQHandler ; 6,
   62 0000005C 00000000        DCD              WWDT_IRQHandler ; 7,
   63 00000060 00000000        DCD              TMR0_IRQHandler ; 8,
   64 00000064 00000000        DCD              0           ; 9,
   65 00000068 00000000        DCD              SPI1_IRQHandler ; 10,
   66 0000006C 00000000        DCD              LL_IRQHandler ; 11,
   67 00000070 00000000        DCD              UART1_IRQHandler ; 12,
   68 00000074 00000000        DCD              TMR1_IRQHandler ; 13,
   69 00000078 00000000        DCD              TMR2_IRQHandler ; 14,
   70 0000007C 00000000        DCD              GPIO0_IRQHandler ; 15,
   71 00000080 00000000        DCD              GPIO1_IRQHandler ; 16,
   72 00000084 00000000        DCD              GPIO2_IRQHandler ; 17,
   73 00000088 00000000        DCD              GPIO3_IRQHandler ; 18,
   74 0000008C 00000000        DCD              0           ; 19,
   75 00000090 00000000        DCD              0           ; 20,
   76 00000094 00000000        DCD              USBDMA_IRQHandler ; 21,
   77 00000098 00000000        DCD              USB_IRQHandler ; 22,
   78 0000009C 00000000        DCD              TRIM_IRQHandler ; 23,
   79 000000A0 00000000        DCD              0           ; 24,
   80 000000A4 00000000        DCD              0           ; 25,
   81 000000A8 00000000        DCD              0           ; 26,
   82 000000AC 00000000        DCD              DMA_IRQHandler ; 27,
   83 000000B0 00000000        DCD              BOD_IRQHandler ; 28,
   84 000000B4 00000000        DCD              SLPTMR_IRQHandler ; 29,
   85 000000B8 00000000        DCD              LP_IRQHandler ; 30,
   86 000000BC 00000000        DCD              0           ; 31,
   87 000000C0         
   88 000000C0         __Vectors_End
   89 000000C0         
   90 000000C0 000000C0 
                       __Vectors_Size
                               EQU              __Vectors_End - __Vectors
   91 000000C0         
   92 000000C0                 AREA             |.text|, CODE, READONLY
   93 00000000         
   94 00000000         ; Reset handler
   95 00000000         Reset_Handler



ARM Macro Assembler    Page 3 


                               PROC
   96 00000000                 EXPORT           Reset_Handler             [WEAK
]
   97 00000000                 IMPORT           SystemInit
   98 00000000                 IMPORT           __main
   99 00000000         
  100 00000000 4804            LDR              R0, =SystemInit
  101 00000002 4780            BLX              R0
  102 00000004 4804            LDR              R0, =__main
  103 00000006 4700            BX               R0
  104 00000008                 ENDP
  105 00000008         
  106 00000008         ; Dummy Exception Handlers (infinite loops which can be 
                       modified)
  107 00000008         
  108 00000008         NMI_Handler
                               PROC
  109 00000008                 EXPORT           NMI_Handler                [WEA
K]
  110 00000008 E7FE            B                .
  111 0000000A                 ENDP
  113 0000000A         HardFault_Handler
                               PROC
  114 0000000A                 EXPORT           HardFault_Handler          [WEA
K]
  115 0000000A E7FE            B                .
  116 0000000C                 ENDP
  117 0000000C         SVC_Handler
                               PROC
  118 0000000C                 EXPORT           SVC_Handler                [WEA
K]
  119 0000000C E7FE            B                .
  120 0000000E                 ENDP
  121 0000000E         PendSV_Handler
                               PROC
  122 0000000E                 EXPORT           PendSV_Handler             [WEA
K]
  123 0000000E E7FE            B                .
  124 00000010                 ENDP
  125 00000010         SysTick_Handler
                               PROC
  126 00000010                 EXPORT           SysTick_Handler            [WEA
K]
  127 00000010 E7FE            B                .
  128 00000012                 ENDP
  129 00000012         
  130 00000012         Default_Handler
                               PROC
  131 00000012                 EXPORT           I2C0_IRQHandler            [WEA
K]
  132 00000012                 EXPORT           SPI0_IRQHandler            [WEA
K]
  133 00000012                 EXPORT           UART0_IRQHandler           [WEA
K]
  134 00000012                 EXPORT           PWM_IRQHandler            [WEAK
]
  135 00000012                 EXPORT           ADC_IRQHandler             [WEA
K]
  136 00000012                 EXPORT           WDT_IRQHandler             [WEA



ARM Macro Assembler    Page 4 


K]
  137 00000012                 EXPORT           WWDT_IRQHandler            [WEA
K]
  138 00000012                 EXPORT           TMR0_IRQHandler            [WEA
K]
  139 00000012                 EXPORT           SPI1_IRQHandler            [WEA
K]
  140 00000012                 EXPORT           LL_IRQHandler              [WEA
K]
  141 00000012                 EXPORT           UART1_IRQHandler           [WEA
K]
  142 00000012                 EXPORT           TMR1_IRQHandler            [WEA
K]
  143 00000012                 EXPORT           TMR2_IRQHandler            [WEA
K]
  144 00000012                 EXPORT           GPIO0_IRQHandler           [WEA
K]
  145 00000012                 EXPORT           GPIO1_IRQHandler           [WEA
K]
  146 00000012                 EXPORT           GPIO2_IRQHandler           [WEA
K]
  147 00000012                 EXPORT           GPIO3_IRQHandler           [WEA
K]
  148 00000012                 EXPORT           USBDMA_IRQHandler          [WEA
K]
  149 00000012                 EXPORT           USB_IRQHandler             [WEA
K]
  150 00000012                 EXPORT           TRIM_IRQHandler            [WEA
K]
  151 00000012                 EXPORT           DMA_IRQHandler             [WEA
K]
  152 00000012                 EXPORT           BOD_IRQHandler             [WEA
K]
  153 00000012                 EXPORT           SLPTMR_IRQHandler          [WEA
K]
  154 00000012                 EXPORT           LP_IRQHandler              [WEA
K]
  155 00000012         
  156 00000012         
  157 00000012         I2C0_IRQHandler                      ; 0,
  158 00000012         SPI0_IRQHandler                      ; 1,
  159 00000012         UART0_IRQHandler                     ; 3,
  160 00000012         PWM_IRQHandler                       ; 4,
  161 00000012         ADC_IRQHandler                       ; 5,
  162 00000012         WDT_IRQHandler                       ; 6,
  163 00000012         WWDT_IRQHandler                      ; 7,
  164 00000012         TMR0_IRQHandler                      ; 8,
  165 00000012         
  166 00000012         SPI1_IRQHandler                      ; 10,
  167 00000012         LL_IRQHandler                        ; 11,
  168 00000012         UART1_IRQHandler                     ; 12,
  169 00000012         TMR1_IRQHandler                      ; 13,
  170 00000012         TMR2_IRQHandler                      ; 14,
  171 00000012         GPIO0_IRQHandler                     ; 15,
  172 00000012         GPIO1_IRQHandler                     ; 16,
  173 00000012         GPIO2_IRQHandler                     ; 17,
  174 00000012         GPIO3_IRQHandler                     ; 18,
  175 00000012         USBDMA_IRQHandler                    ; 21,
  176 00000012         USB_IRQHandler                       ; 22,



ARM Macro Assembler    Page 5 


  177 00000012         TRIM_IRQHandler                      ; 23,
  178 00000012         DMA_IRQHandler                       ; 27,
  179 00000012         BOD_IRQHandler                       ; 28,
  180 00000012         SLPTMR_IRQHandler                    ; 29,
  181 00000012         LP_IRQHandler                        ; 30,
  182 00000012         
  183 00000012 E7FE            B                .
  184 00000014                 ENDP
  185 00000014         
  186 00000014                 ALIGN
  187 00000014         
  188 00000014         ;*******************************************************
                       ************************
  189 00000014         ; User Stack and Heap initialization
  190 00000014         ;*******************************************************
                       ************************
  191 00000014                 IF               :DEF:__MICROLIB
  192 00000014         
  193 00000014                 EXPORT           __initial_sp
  194 00000014                 EXPORT           __heap_base
  195 00000014                 EXPORT           __heap_limit
  196 00000014         
  197 00000014                 ELSE
  212                          ENDIF
  213 00000014         
  214 00000014                 END
              00000000 
              00000000 
Command Line: --16 --debug --xref --diag_suppress=9931 --cpu=Cortex-M0 --apcs=i
nterwork --depend=.\objects\startup_panseries.d -o.\objects\startup_panseries.o
 -ID:\keildate\local\Packs\ARM\Cortex_DFP\1.1.0\Device\ARMCM0\Include -ID:\keil
date\local\Packs\ARM\Cortex_DFP\1.1.0\Device\ARM\ARMCM0\Include --predefine="__
MICROLIB SETA 1" --predefine="__UVISION_VERSION SETA 541" --predefine="ARMCM0 S
ETA 1" --list=.\listings\startup_panseries.lst startup\startup_PANSeries.s



ARM Macro Assembler    Page 1 Alphabetic symbol ordering
Relocatable symbols

STACK 00000000

Symbol: STACK
   Definitions
      At line 15 in file startup\startup_PANSeries.s
   Uses
      None
Comment: STACK unused
Stack_Mem 00000000

Symbol: Stack_Mem
   Definitions
      At line 16 in file startup\startup_PANSeries.s
   Uses
      None
Comment: Stack_Mem unused
__initial_sp 00000600

Symbol: __initial_sp
   Definitions
      At line 17 in file startup\startup_PANSeries.s
   Uses
      At line 37 in file startup\startup_PANSeries.s
      At line 193 in file startup\startup_PANSeries.s

3 symbols



ARM Macro Assembler    Page 1 Alphabetic symbol ordering
Relocatable symbols

HEAP 00000000

Symbol: HEAP
   Definitions
      At line 21 in file startup\startup_PANSeries.s
   Uses
      None
Comment: HEAP unused
Heap_Mem 00000000

Symbol: Heap_Mem
   Definitions
      At line 23 in file startup\startup_PANSeries.s
   Uses
      None
Comment: Heap_Mem unused
__heap_base 00000000

Symbol: __heap_base
   Definitions
      At line 22 in file startup\startup_PANSeries.s
   Uses
      At line 194 in file startup\startup_PANSeries.s
Comment: __heap_base used once
__heap_limit 00000000

Symbol: __heap_limit
   Definitions
      At line 24 in file startup\startup_PANSeries.s
   Uses
      At line 195 in file startup\startup_PANSeries.s
Comment: __heap_limit used once
4 symbols



ARM Macro Assembler    Page 1 Alphabetic symbol ordering
Relocatable symbols

RESET 00000000

Symbol: RESET
   Definitions
      At line 31 in file startup\startup_PANSeries.s
   Uses
      None
Comment: RESET unused
__Vectors 00000000

Symbol: __Vectors
   Definitions
      At line 37 in file startup\startup_PANSeries.s
   Uses
      At line 32 in file startup\startup_PANSeries.s
      At line 90 in file startup\startup_PANSeries.s

__Vectors_End 000000C0

Symbol: __Vectors_End
   Definitions
      At line 88 in file startup\startup_PANSeries.s
   Uses
      At line 33 in file startup\startup_PANSeries.s
      At line 90 in file startup\startup_PANSeries.s

3 symbols



ARM Macro Assembler    Page 1 Alphabetic symbol ordering
Relocatable symbols

.text 00000000

Symbol: .text
   Definitions
      At line 92 in file startup\startup_PANSeries.s
   Uses
      None
Comment: .text unused
ADC_IRQHandler 00000012

Symbol: ADC_IRQHandler
   Definitions
      At line 161 in file startup\startup_PANSeries.s
   Uses
      At line 60 in file startup\startup_PANSeries.s
      At line 135 in file startup\startup_PANSeries.s

BOD_IRQHandler 00000012

Symbol: BOD_IRQHandler
   Definitions
      At line 179 in file startup\startup_PANSeries.s
   Uses
      At line 83 in file startup\startup_PANSeries.s
      At line 152 in file startup\startup_PANSeries.s

DMA_IRQHandler 00000012

Symbol: DMA_IRQHandler
   Definitions
      At line 178 in file startup\startup_PANSeries.s
   Uses
      At line 82 in file startup\startup_PANSeries.s
      At line 151 in file startup\startup_PANSeries.s

Default_Handler 00000012

Symbol: Default_Handler
   Definitions
      At line 130 in file startup\startup_PANSeries.s
   Uses
      None
Comment: Default_Handler unused
GPIO0_IRQHandler 00000012

Symbol: GPIO0_IRQHandler
   Definitions
      At line 171 in file startup\startup_PANSeries.s
   Uses
      At line 70 in file startup\startup_PANSeries.s
      At line 144 in file startup\startup_PANSeries.s

GPIO1_IRQHandler 00000012

Symbol: GPIO1_IRQHandler
   Definitions
      At line 172 in file startup\startup_PANSeries.s
   Uses
      At line 71 in file startup\startup_PANSeries.s



ARM Macro Assembler    Page 2 Alphabetic symbol ordering
Relocatable symbols

      At line 145 in file startup\startup_PANSeries.s

GPIO2_IRQHandler 00000012

Symbol: GPIO2_IRQHandler
   Definitions
      At line 173 in file startup\startup_PANSeries.s
   Uses
      At line 72 in file startup\startup_PANSeries.s
      At line 146 in file startup\startup_PANSeries.s

GPIO3_IRQHandler 00000012

Symbol: GPIO3_IRQHandler
   Definitions
      At line 174 in file startup\startup_PANSeries.s
   Uses
      At line 73 in file startup\startup_PANSeries.s
      At line 147 in file startup\startup_PANSeries.s

HardFault_Handler 0000000A

Symbol: HardFault_Handler
   Definitions
      At line 113 in file startup\startup_PANSeries.s
   Uses
      At line 40 in file startup\startup_PANSeries.s
      At line 114 in file startup\startup_PANSeries.s

I2C0_IRQHandler 00000012

Symbol: I2C0_IRQHandler
   Definitions
      At line 157 in file startup\startup_PANSeries.s
   Uses
      At line 55 in file startup\startup_PANSeries.s
      At line 131 in file startup\startup_PANSeries.s

LL_IRQHandler 00000012

Symbol: LL_IRQHandler
   Definitions
      At line 167 in file startup\startup_PANSeries.s
   Uses
      At line 66 in file startup\startup_PANSeries.s
      At line 140 in file startup\startup_PANSeries.s

LP_IRQHandler 00000012

Symbol: LP_IRQHandler
   Definitions
      At line 181 in file startup\startup_PANSeries.s
   Uses
      At line 85 in file startup\startup_PANSeries.s
      At line 154 in file startup\startup_PANSeries.s

NMI_Handler 00000008

Symbol: NMI_Handler



ARM Macro Assembler    Page 3 Alphabetic symbol ordering
Relocatable symbols

   Definitions
      At line 108 in file startup\startup_PANSeries.s
   Uses
      At line 39 in file startup\startup_PANSeries.s
      At line 109 in file startup\startup_PANSeries.s

PWM_IRQHandler 00000012

Symbol: PWM_IRQHandler
   Definitions
      At line 160 in file startup\startup_PANSeries.s
   Uses
      At line 59 in file startup\startup_PANSeries.s
      At line 134 in file startup\startup_PANSeries.s

PendSV_Handler 0000000E

Symbol: PendSV_Handler
   Definitions
      At line 121 in file startup\startup_PANSeries.s
   Uses
      At line 51 in file startup\startup_PANSeries.s
      At line 122 in file startup\startup_PANSeries.s

Reset_Handler 00000000

Symbol: Reset_Handler
   Definitions
      At line 95 in file startup\startup_PANSeries.s
   Uses
      At line 38 in file startup\startup_PANSeries.s
      At line 96 in file startup\startup_PANSeries.s

SLPTMR_IRQHandler 00000012

Symbol: SLPTMR_IRQHandler
   Definitions
      At line 180 in file startup\startup_PANSeries.s
   Uses
      At line 84 in file startup\startup_PANSeries.s
      At line 153 in file startup\startup_PANSeries.s

SPI0_IRQHandler 00000012

Symbol: SPI0_IRQHandler
   Definitions
      At line 158 in file startup\startup_PANSeries.s
   Uses
      At line 56 in file startup\startup_PANSeries.s
      At line 132 in file startup\startup_PANSeries.s

SPI1_IRQHandler 00000012

Symbol: SPI1_IRQHandler
   Definitions
      At line 166 in file startup\startup_PANSeries.s
   Uses
      At line 65 in file startup\startup_PANSeries.s
      At line 139 in file startup\startup_PANSeries.s



ARM Macro Assembler    Page 4 Alphabetic symbol ordering
Relocatable symbols


SVC_Handler 0000000C

Symbol: SVC_Handler
   Definitions
      At line 117 in file startup\startup_PANSeries.s
   Uses
      At line 48 in file startup\startup_PANSeries.s
      At line 118 in file startup\startup_PANSeries.s

SysTick_Handler 00000010

Symbol: SysTick_Handler
   Definitions
      At line 125 in file startup\startup_PANSeries.s
   Uses
      At line 52 in file startup\startup_PANSeries.s
      At line 126 in file startup\startup_PANSeries.s

TMR0_IRQHandler 00000012

Symbol: TMR0_IRQHandler
   Definitions
      At line 164 in file startup\startup_PANSeries.s
   Uses
      At line 63 in file startup\startup_PANSeries.s
      At line 138 in file startup\startup_PANSeries.s

TMR1_IRQHandler 00000012

Symbol: TMR1_IRQHandler
   Definitions
      At line 169 in file startup\startup_PANSeries.s
   Uses
      At line 68 in file startup\startup_PANSeries.s
      At line 142 in file startup\startup_PANSeries.s

TMR2_IRQHandler 00000012

Symbol: TMR2_IRQHandler
   Definitions
      At line 170 in file startup\startup_PANSeries.s
   Uses
      At line 69 in file startup\startup_PANSeries.s
      At line 143 in file startup\startup_PANSeries.s

TRIM_IRQHandler 00000012

Symbol: TRIM_IRQHandler
   Definitions
      At line 177 in file startup\startup_PANSeries.s
   Uses
      At line 78 in file startup\startup_PANSeries.s
      At line 150 in file startup\startup_PANSeries.s

UART0_IRQHandler 00000012

Symbol: UART0_IRQHandler
   Definitions



ARM Macro Assembler    Page 5 Alphabetic symbol ordering
Relocatable symbols

      At line 159 in file startup\startup_PANSeries.s
   Uses
      At line 58 in file startup\startup_PANSeries.s
      At line 133 in file startup\startup_PANSeries.s

UART1_IRQHandler 00000012

Symbol: UART1_IRQHandler
   Definitions
      At line 168 in file startup\startup_PANSeries.s
   Uses
      At line 67 in file startup\startup_PANSeries.s
      At line 141 in file startup\startup_PANSeries.s

USBDMA_IRQHandler 00000012

Symbol: USBDMA_IRQHandler
   Definitions
      At line 175 in file startup\startup_PANSeries.s
   Uses
      At line 76 in file startup\startup_PANSeries.s
      At line 148 in file startup\startup_PANSeries.s

USB_IRQHandler 00000012

Symbol: USB_IRQHandler
   Definitions
      At line 176 in file startup\startup_PANSeries.s
   Uses
      At line 77 in file startup\startup_PANSeries.s
      At line 149 in file startup\startup_PANSeries.s

WDT_IRQHandler 00000012

Symbol: WDT_IRQHandler
   Definitions
      At line 162 in file startup\startup_PANSeries.s
   Uses
      At line 61 in file startup\startup_PANSeries.s
      At line 136 in file startup\startup_PANSeries.s

WWDT_IRQHandler 00000012

Symbol: WWDT_IRQHandler
   Definitions
      At line 163 in file startup\startup_PANSeries.s
   Uses
      At line 62 in file startup\startup_PANSeries.s
      At line 137 in file startup\startup_PANSeries.s

32 symbols



ARM Macro Assembler    Page 1 Alphabetic symbol ordering
Absolute symbols

Heap_Size 00000000

Symbol: Heap_Size
   Definitions
      At line 19 in file startup\startup_PANSeries.s
   Uses
      At line 23 in file startup\startup_PANSeries.s
Comment: Heap_Size used once
Stack_Size 00000600

Symbol: Stack_Size
   Definitions
      At line 13 in file startup\startup_PANSeries.s
   Uses
      At line 16 in file startup\startup_PANSeries.s
Comment: Stack_Size used once
__Vectors_Size 000000C0

Symbol: __Vectors_Size
   Definitions
      At line 90 in file startup\startup_PANSeries.s
   Uses
      At line 34 in file startup\startup_PANSeries.s
Comment: __Vectors_Size used once
3 symbols



ARM Macro Assembler    Page 1 Alphabetic symbol ordering
External symbols

SystemInit 00000000

Symbol: SystemInit
   Definitions
      At line 97 in file startup\startup_PANSeries.s
   Uses
      At line 100 in file startup\startup_PANSeries.s
Comment: SystemInit used once
__main 00000000

Symbol: __main
   Definitions
      At line 98 in file startup\startup_PANSeries.s
   Uses
      At line 102 in file startup\startup_PANSeries.s
Comment: __main used once
2 symbols
382 symbols in table
